Using pre-set license
Built from '2020.3/staging' branch; Version is '2020.3.20f1 (41c4e627c95f) revision 4310246'; Using compiler version '192528614'; Build Type 'Release'
OS: 'Windows 10 Home Single Language; OS build 19043.1288; Version 2009; 64bit' Language: 'en' Physical Memory: 3918 MB
BatchMode: 1, IsHumanControllingUs: 0, StartBugReporterOnCrash: 0, Is64bit: 1, IsPro: 0

COMMAND LINE ARGUMENTS:
C:\Program Files\Unity\Hub\Editor\2020.3.20f1\Editor\Unity.exe
-adb2
-batchMode
-noUpm
-name
AssetImportWorker0
-projectPath
C:/Users/ASUS-A407M/Documents/GitHub/game-rpg
-logFile
Logs/AssetImportWorker0.log
-srvPort
56370
Successfully changed project path to: C:/Users/ASUS-A407M/Documents/GitHub/game-rpg
C:/Users/ASUS-A407M/Documents/GitHub/game-rpg
Using Asset Import Pipeline V2.
Refreshing native plugins compatible for Editor in 302.27 ms, found 3 plugins.
Preloading 0 native plugins for Editor in 0.00 ms.
Initialize engine version: 2020.3.20f1 (41c4e627c95f)
[Subsystems] Discovering subsystems at path C:/Program Files/Unity/Hub/Editor/2020.3.20f1/Editor/Data/Resources/UnitySubsystems
[Subsystems] Discovering subsystems at path C:/Users/ASUS-A407M/Documents/GitHub/game-rpg/Assets
GfxDevice: creating device client; threaded=0
Direct3D:
    Version:  Direct3D 11.0 [level 11.1]
    Renderer: Intel(R) UHD Graphics 600 (ID=0x3185)
    Vendor:   
    VRAM:     1959 MB
    Driver:   27.20.100.8681
Initialize mono
Mono path[0] = 'C:/Program Files/Unity/Hub/Editor/2020.3.20f1/Editor/Data/Managed'
Mono path[1] = 'C:/Program Files/Unity/Hub/Editor/2020.3.20f1/Editor/Data/MonoBleedingEdge/lib/mono/unityjit'
Mono config path = 'C:/Program Files/Unity/Hub/Editor/2020.3.20f1/Editor/Data/MonoBleedingEdge/etc'
Using monoOptions --debugger-agent=transport=dt_socket,embedding=1,server=y,suspend=n,address=127.0.0.1:56200
Begin MonoManager ReloadAssembly
Registering precompiled unity dll's ...
Register platform support module: C:/Program Files/Unity/Hub/Editor/2020.3.20f1/Editor/Data/PlaybackEngines/WindowsStandaloneSupport/UnityEditor.WindowsStandalone.Extensions.dll
Registered in 0.004686 seconds.
Native extension for WindowsStandalone target not found
Refreshing native plugins compatible for Editor in 236.98 ms, found 3 plugins.
Preloading 0 native plugins for Editor in 0.00 ms.
Mono: successfully reloaded assembly
- Completed reload, in  2.542 seconds
Domain Reload Profiling:
	ReloadAssembly (2543ms)
		BeginReloadAssembly (118ms)
			ExecutionOrderSort (0ms)
			DisableScriptedObjects (0ms)
			BackupInstance (0ms)
			ReleaseScriptingObjects (0ms)
			CreateAndSetChildDomain (2ms)
		EndReloadAssembly (1061ms)
			LoadAssemblies (113ms)
			RebuildTransferFunctionScriptingTraits (0ms)
			SetupTypeCache (344ms)
			ReleaseScriptCaches (0ms)
			RebuildScriptCaches (71ms)
			SetupLoadedEditorAssemblies (507ms)
				LogAssemblyErrors (0ms)
				InitializePlatformSupportModulesInManaged (9ms)
				SetLoadedEditorAssemblies (0ms)
				RefreshPlugins (237ms)
				BeforeProcessingInitializeOnLoad (29ms)
				ProcessInitializeOnLoadAttributes (172ms)
				ProcessInitializeOnLoadMethodAttributes (60ms)
				AfterProcessingInitializeOnLoad (0ms)
				EditorAssembliesLoaded (0ms)
			ExecutionOrderSort2 (0ms)
			AwakeInstancesAfterBackupRestoration (0ms)
Platform modules already initialized, skipping
Registering precompiled user dll's ...
Registered in 0.013897 seconds.
Begin MonoManager ReloadAssembly
Native extension for WindowsStandalone target not found
Refreshing native plugins compatible for Editor in 254.32 ms, found 3 plugins.
Preloading 0 native plugins for Editor in 0.00 ms.
Mono: successfully reloaded assembly
- Completed reload, in  3.538 seconds
Domain Reload Profiling:
	ReloadAssembly (3540ms)
		BeginReloadAssembly (572ms)
			ExecutionOrderSort (0ms)
			DisableScriptedObjects (11ms)
			BackupInstance (0ms)
			ReleaseScriptingObjects (0ms)
			CreateAndSetChildDomain (41ms)
		EndReloadAssembly (2800ms)
			LoadAssemblies (444ms)
			RebuildTransferFunctionScriptingTraits (0ms)
			SetupTypeCache (914ms)
			ReleaseScriptCaches (2ms)
			RebuildScriptCaches (204ms)
			SetupLoadedEditorAssemblies (1069ms)
				LogAssemblyErrors (0ms)
				InitializePlatformSupportModulesInManaged (10ms)
				SetLoadedEditorAssemblies (0ms)
				RefreshPlugins (254ms)
				BeforeProcessingInitializeOnLoad (189ms)
				ProcessInitializeOnLoadAttributes (581ms)
				ProcessInitializeOnLoadMethodAttributes (18ms)
				AfterProcessingInitializeOnLoad (16ms)
				EditorAssembliesLoaded (1ms)
			ExecutionOrderSort2 (0ms)
			AwakeInstancesAfterBackupRestoration (17ms)
Platform modules already initialized, skipping
========================================================================
Worker process is ready to serve import requests
Launched and connected shader compiler UnityShaderCompiler.exe after 0.13 seconds
Refreshing native plugins compatible for Editor in 2.67 ms, found 3 plugins.
Preloading 0 native plugins for Editor in 0.00 ms.
Unloading 3404 Unused Serialized files (Serialized files now loaded: 0)
System memory in use before: 145.9 MB.
System memory in use after: 146.1 MB.

Unloading 27 unused Assets to reduce memory usage. Loaded Objects now: 3861.
Total: 9.840700 ms (FindLiveObjects: 1.145800 ms CreateObjectMapping: 0.318300 ms MarkObjects: 8.007600 ms  DeleteObjects: 0.365900 ms)

AssetImportParameters requested are different than current active one (requested -> active):
  custom:framework-win-MediaFoundation: 216162199b28c13a410421893ffa2e32 -> 
  custom:video-decoder-ogg-theora: a1e56fd34408186e4bbccfd4996cb3dc -> 
  custom:container-muxer-webm: aa71ff27fc2769a1b78a27578f13a17b -> 
  custom:container-demuxer-webm: 4f35f7cbe854078d1ac9338744f61a02 -> 
  custom:container-demuxer-ogg: 62fdf1f143b41e24485cea50d1cbac27 -> 
  custom:video-encoder-webm-vp8: eb34c28f22e8b96e1ab97ce403110664 -> 
  custom:video-decoder-webm-vp8: 9c59270c3fd7afecdb556c50c9e8de78 -> 
  custom:audio-decoder-ogg-vorbis: bf7c407c2cedff20999df2af8eb42d56 -> 
  custom:audio-encoder-webm-vorbis: bf7c407c2cedff20999df2af8eb42d56 -> 
========================================================================
Received Import Request.
  path: Assets/myProject/Quest and Dialogue/Dialog Player and NPC.asset
  artifactKey: Guid(226bc4af88c0b3f47aa998cca2ed5e98) Importer(815301076,1909f56bfc062723c751e8b465ee728b)
Start importing Assets/myProject/Quest and Dialogue/Dialog Player and NPC.asset using Guid(226bc4af88c0b3f47aa998cca2ed5e98) Importer(815301076,1909f56bfc062723c751e8b465ee728b)  -> (artifact id: '615039c420c0a184d5c04ee4578b082e') in 0.158534 seconds 
  Import took 0.171303 seconds .

========================================================================
Received Import Request.
  Time since last request: 572.963566 seconds.
  path: Assets/myProject/Quest and Dialogue/Dialog Player and NPC.asset
  artifactKey: Guid(226bc4af88c0b3f47aa998cca2ed5e98) Importer(815301076,1909f56bfc062723c751e8b465ee728b)
Start importing Assets/myProject/Quest and Dialogue/Dialog Player and NPC.asset using Guid(226bc4af88c0b3f47aa998cca2ed5e98) Importer(815301076,1909f56bfc062723c751e8b465ee728b)  -> (artifact id: '9901976775fc77a4f9c929c95eb3a8a2') in 0.041183 seconds 
  Import took 0.054443 seconds .

========================================================================
Received Import Request.
  Time since last request: 441.740405 seconds.
  path: Assets/myProject/Quest and Dialogue/Dialog Player and NPC.asset
  artifactKey: Guid(226bc4af88c0b3f47aa998cca2ed5e98) Importer(815301076,1909f56bfc062723c751e8b465ee728b)
Start importing Assets/myProject/Quest and Dialogue/Dialog Player and NPC.asset using Guid(226bc4af88c0b3f47aa998cca2ed5e98) Importer(815301076,1909f56bfc062723c751e8b465ee728b)  -> (artifact id: '1e7aac116df492871116107db704793c') in 0.032747 seconds 
  Import took 0.052097 seconds .

========================================================================
Received Import Request.
  Time since last request: 158.167004 seconds.
  path: Assets/myProject/Quest and Dialogue/Dialog Player and NPC.asset
  artifactKey: Guid(226bc4af88c0b3f47aa998cca2ed5e98) Importer(815301076,1909f56bfc062723c751e8b465ee728b)
Start importing Assets/myProject/Quest and Dialogue/Dialog Player and NPC.asset using Guid(226bc4af88c0b3f47aa998cca2ed5e98) Importer(815301076,1909f56bfc062723c751e8b465ee728b)  -> (artifact id: '3f488863dd7855a892ca390c8ac7efb9') in 0.079055 seconds 
  Import took 0.102532 seconds .

========================================================================
Received Import Request.
  Time since last request: 20.020172 seconds.
  path: Assets/myProject/Quest and Dialogue/Dialog Player and NPC.asset
  artifactKey: Guid(226bc4af88c0b3f47aa998cca2ed5e98) Importer(815301076,1909f56bfc062723c751e8b465ee728b)
Start importing Assets/myProject/Quest and Dialogue/Dialog Player and NPC.asset using Guid(226bc4af88c0b3f47aa998cca2ed5e98) Importer(815301076,1909f56bfc062723c751e8b465ee728b)  -> (artifact id: '25735532040f4ea3918c0008b543fb49') in 0.020305 seconds 
  Import took 0.038789 seconds .

========================================================================
Received Import Request.
  Time since last request: 15.945779 seconds.
  path: Assets/myProject/Quest and Dialogue/Dialog Player and NPC.asset
  artifactKey: Guid(226bc4af88c0b3f47aa998cca2ed5e98) Importer(815301076,1909f56bfc062723c751e8b465ee728b)
Start importing Assets/myProject/Quest and Dialogue/Dialog Player and NPC.asset using Guid(226bc4af88c0b3f47aa998cca2ed5e98) Importer(815301076,1909f56bfc062723c751e8b465ee728b)  -> (artifact id: '7e1881480c07443897c0c1c40846bb9d') in 0.038273 seconds 
  Import took 0.060193 seconds .

AssetImportWorkerClient::OnTransportError - code=2 error=End of file
