Using pre-set license
Built from '2020.3/staging' branch; Version is '2020.3.20f1 (41c4e627c95f) revision 4310246'; Using compiler version '192528614'; Build Type 'Release'
OS: 'Windows 10 Home Single Language; OS build 19043.1288; Version 2009; 64bit' Language: 'en' Physical Memory: 3918 MB
BatchMode: 1, IsHumanControllingUs: 0, StartBugReporterOnCrash: 0, Is64bit: 1, IsPro: 0

COMMAND LINE ARGUMENTS:
C:\Program Files\Unity\Hub\Editor\2020.3.20f1\Editor\Unity.exe
-adb2
-batchMode
-noUpm
-name
AssetImportWorker0
-projectPath
C:/Users/ASUS-A407M/Documents/GitHub/game-rpg
-logFile
Logs/AssetImportWorker0.log
-srvPort
58200
Successfully changed project path to: C:/Users/ASUS-A407M/Documents/GitHub/game-rpg
C:/Users/ASUS-A407M/Documents/GitHub/game-rpg
Using Asset Import Pipeline V2.
Refreshing native plugins compatible for Editor in 304.03 ms, found 3 plugins.
Preloading 0 native plugins for Editor in 0.00 ms.
Initialize engine version: 2020.3.20f1 (41c4e627c95f)
[Subsystems] Discovering subsystems at path C:/Program Files/Unity/Hub/Editor/2020.3.20f1/Editor/Data/Resources/UnitySubsystems
[Subsystems] Discovering subsystems at path C:/Users/ASUS-A407M/Documents/GitHub/game-rpg/Assets
GfxDevice: creating device client; threaded=0
Direct3D:
    Version:  Direct3D 11.0 [level 11.1]
    Renderer: Intel(R) UHD Graphics 600 (ID=0x3185)
    Vendor:   
    VRAM:     1959 MB
    Driver:   27.20.100.8681
Initialize mono
Mono path[0] = 'C:/Program Files/Unity/Hub/Editor/2020.3.20f1/Editor/Data/Managed'
Mono path[1] = 'C:/Program Files/Unity/Hub/Editor/2020.3.20f1/Editor/Data/MonoBleedingEdge/lib/mono/unityjit'
Mono config path = 'C:/Program Files/Unity/Hub/Editor/2020.3.20f1/Editor/Data/MonoBleedingEdge/etc'
Using monoOptions --debugger-agent=transport=dt_socket,embedding=1,server=y,suspend=n,address=127.0.0.1:56080
Begin MonoManager ReloadAssembly
Registering precompiled unity dll's ...
Register platform support module: C:/Program Files/Unity/Hub/Editor/2020.3.20f1/Editor/Data/PlaybackEngines/WindowsStandaloneSupport/UnityEditor.WindowsStandalone.Extensions.dll
Registered in 0.006130 seconds.
Native extension for WindowsStandalone target not found
Refreshing native plugins compatible for Editor in 286.70 ms, found 3 plugins.
Preloading 0 native plugins for Editor in 0.00 ms.
Mono: successfully reloaded assembly
- Completed reload, in  8.598 seconds
Domain Reload Profiling:
	ReloadAssembly (8598ms)
		BeginReloadAssembly (126ms)
			ExecutionOrderSort (0ms)
			DisableScriptedObjects (0ms)
			BackupInstance (0ms)
			ReleaseScriptingObjects (0ms)
			CreateAndSetChildDomain (2ms)
		EndReloadAssembly (1328ms)
			LoadAssemblies (120ms)
			RebuildTransferFunctionScriptingTraits (0ms)
			SetupTypeCache (431ms)
			ReleaseScriptCaches (0ms)
			RebuildScriptCaches (82ms)
			SetupLoadedEditorAssemblies (638ms)
				LogAssemblyErrors (0ms)
				InitializePlatformSupportModulesInManaged (11ms)
				SetLoadedEditorAssemblies (0ms)
				RefreshPlugins (287ms)
				BeforeProcessingInitializeOnLoad (37ms)
				ProcessInitializeOnLoadAttributes (233ms)
				ProcessInitializeOnLoadMethodAttributes (69ms)
				AfterProcessingInitializeOnLoad (0ms)
				EditorAssembliesLoaded (0ms)
			ExecutionOrderSort2 (0ms)
			AwakeInstancesAfterBackupRestoration (0ms)
Platform modules already initialized, skipping
Registering precompiled user dll's ...
Registered in 0.025194 seconds.
Begin MonoManager ReloadAssembly
Native extension for WindowsStandalone target not found
Refreshing native plugins compatible for Editor in 246.65 ms, found 3 plugins.
Preloading 0 native plugins for Editor in 0.00 ms.
Mono: successfully reloaded assembly
- Completed reload, in  4.661 seconds
Domain Reload Profiling:
	ReloadAssembly (4668ms)
		BeginReloadAssembly (349ms)
			ExecutionOrderSort (0ms)
			DisableScriptedObjects (11ms)
			BackupInstance (0ms)
			ReleaseScriptingObjects (0ms)
			CreateAndSetChildDomain (45ms)
		EndReloadAssembly (3971ms)
			LoadAssemblies (836ms)
			RebuildTransferFunctionScriptingTraits (1ms)
			SetupTypeCache (1085ms)
			ReleaseScriptCaches (2ms)
			RebuildScriptCaches (187ms)
			SetupLoadedEditorAssemblies (1365ms)
				LogAssemblyErrors (0ms)
				InitializePlatformSupportModulesInManaged (9ms)
				SetLoadedEditorAssemblies (0ms)
				RefreshPlugins (247ms)
				BeforeProcessingInitializeOnLoad (233ms)
				ProcessInitializeOnLoadAttributes (786ms)
				ProcessInitializeOnLoadMethodAttributes (42ms)
				AfterProcessingInitializeOnLoad (47ms)
				EditorAssembliesLoaded (1ms)
			ExecutionOrderSort2 (0ms)
			AwakeInstancesAfterBackupRestoration (126ms)
Platform modules already initialized, skipping
========================================================================
Worker process is ready to serve import requests
Launched and connected shader compiler UnityShaderCompiler.exe after 0.11 seconds
Refreshing native plugins compatible for Editor in 2.56 ms, found 3 plugins.
Preloading 0 native plugins for Editor in 0.00 ms.
Unloading 3377 Unused Serialized files (Serialized files now loaded: 0)
System memory in use before: 145.1 MB.
System memory in use after: 145.3 MB.

Unloading 27 unused Assets to reduce memory usage. Loaded Objects now: 3834.
Total: 9.202800 ms (FindLiveObjects: 0.872000 ms CreateObjectMapping: 0.208800 ms MarkObjects: 7.730000 ms  DeleteObjects: 0.389200 ms)

AssetImportParameters requested are different than current active one (requested -> active):
  custom:framework-win-MediaFoundation: 216162199b28c13a410421893ffa2e32 -> 
  custom:video-decoder-ogg-theora: a1e56fd34408186e4bbccfd4996cb3dc -> 
  custom:container-muxer-webm: aa71ff27fc2769a1b78a27578f13a17b -> 
  custom:container-demuxer-webm: 4f35f7cbe854078d1ac9338744f61a02 -> 
  custom:container-demuxer-ogg: 62fdf1f143b41e24485cea50d1cbac27 -> 
  custom:video-encoder-webm-vp8: eb34c28f22e8b96e1ab97ce403110664 -> 
  custom:video-decoder-webm-vp8: 9c59270c3fd7afecdb556c50c9e8de78 -> 
  custom:audio-decoder-ogg-vorbis: bf7c407c2cedff20999df2af8eb42d56 -> 
  custom:audio-encoder-webm-vorbis: bf7c407c2cedff20999df2af8eb42d56 -> 
========================================================================
Received Import Request.
  path: Assets/myProject/Character/y bot
  artifactKey: Guid(d2c68630d97afc644957c97267a73c45) Importer(815301076,1909f56bfc062723c751e8b465ee728b)
Start importing Assets/myProject/Character/y bot using Guid(d2c68630d97afc644957c97267a73c45) Importer(815301076,1909f56bfc062723c751e8b465ee728b)  -> (artifact id: '30f0ea7efba60dc95ad2cfac07a720bb') in 0.025423 seconds 
  Import took 0.046626 seconds .

========================================================================
Received Import Request.
  Time since last request: 11.617536 seconds.
  path: Assets/myProject/Character/ybot
  artifactKey: Guid(d2c68630d97afc644957c97267a73c45) Importer(815301076,1909f56bfc062723c751e8b465ee728b)
Start importing Assets/myProject/Character/ybot using Guid(d2c68630d97afc644957c97267a73c45) Importer(815301076,1909f56bfc062723c751e8b465ee728b)  -> (artifact id: '255256556d0b61c59d2fcea012d72e92') in 0.015234 seconds 
  Import took 0.028946 seconds .

========================================================================
Received Import Request.
  Time since last request: 6.917832 seconds.
  path: Assets/myProject/Character/ybot/ybot.fbx
  artifactKey: Guid(4ace0ed41a5631c4cb7d5f860f86f4e3) Importer(815301076,1909f56bfc062723c751e8b465ee728b)
Start importing Assets/myProject/Character/ybot/ybot.fbx using Guid(4ace0ed41a5631c4cb7d5f860f86f4e3) Importer(815301076,1909f56bfc062723c751e8b465ee728b)  -> (artifact id: '3cd13eacdf53912f76263726aa61e096') in 0.604976 seconds 
  Import took 0.617514 seconds .

========================================================================
Received Import Request.
  Time since last request: 17.976009 seconds.
  path: Assets/myProject/Character/ybot/materials
  artifactKey: Guid(035bbc1cecb459349aab696461ba8cd4) Importer(815301076,1909f56bfc062723c751e8b465ee728b)
Start importing Assets/myProject/Character/ybot/materials using Guid(035bbc1cecb459349aab696461ba8cd4) Importer(815301076,1909f56bfc062723c751e8b465ee728b)  -> (artifact id: '7fd62fddb2e88f53d9a795bc37050fd5') in 0.006773 seconds 
  Import took 0.021427 seconds .

========================================================================
Received Import Request.
  Time since last request: 7.022922 seconds.
  path: Assets/myProject/Character/ybot/textures
  artifactKey: Guid(cd588dbb2699d4742b7b91120ab8e8b1) Importer(815301076,1909f56bfc062723c751e8b465ee728b)
Start importing Assets/myProject/Character/ybot/textures using Guid(cd588dbb2699d4742b7b91120ab8e8b1) Importer(815301076,1909f56bfc062723c751e8b465ee728b)  -> (artifact id: '88c7ddde8d2edf4ca5800d36068698ab') in 0.005767 seconds 
  Import took 0.026574 seconds .

========================================================================
Received Import Request.
  Time since last request: 1.090567 seconds.
  path: Assets/myProject/Character/ybot/ybot.fbx
  artifactKey: Guid(4ace0ed41a5631c4cb7d5f860f86f4e3) Importer(815301076,1909f56bfc062723c751e8b465ee728b)
Start importing Assets/myProject/Character/ybot/ybot.fbx using Guid(4ace0ed41a5631c4cb7d5f860f86f4e3) Importer(815301076,1909f56bfc062723c751e8b465ee728b)  -> (artifact id: 'c15bfcda4592006b287a18743da1a3c2') in 0.157493 seconds 
  Import took 0.179109 seconds .

========================================================================
Received Import Request.
  Time since last request: 6.202230 seconds.
  path: Assets/myProject/Character/ybot/ybot.fbx
  artifactKey: Guid(4ace0ed41a5631c4cb7d5f860f86f4e3) Importer(815301076,1909f56bfc062723c751e8b465ee728b)
Start importing Assets/myProject/Character/ybot/ybot.fbx using Guid(4ace0ed41a5631c4cb7d5f860f86f4e3) Importer(815301076,1909f56bfc062723c751e8b465ee728b)  -> (artifact id: 'cac6e692c76761216a57fe38b38dbe2b') in 0.165978 seconds 
  Import took 0.289755 seconds .

========================================================================
Received Prepare
Registering precompiled user dll's ...
Registered in 0.016490 seconds.
Begin MonoManager ReloadAssembly
Native extension for WindowsStandalone target not found
Refreshing native plugins compatible for Editor in 2.63 ms, found 3 plugins.
Preloading 0 native plugins for Editor in 0.00 ms.
Mono: successfully reloaded assembly
- Completed reload, in  3.415 seconds
Domain Reload Profiling:
	ReloadAssembly (3416ms)
		BeginReloadAssembly (754ms)
			ExecutionOrderSort (0ms)
			DisableScriptedObjects (15ms)
			BackupInstance (0ms)
			ReleaseScriptingObjects (0ms)
			CreateAndSetChildDomain (131ms)
		EndReloadAssembly (2122ms)
			LoadAssemblies (674ms)
			RebuildTransferFunctionScriptingTraits (0ms)
			SetupTypeCache (760ms)
			ReleaseScriptCaches (2ms)
			RebuildScriptCaches (118ms)
			SetupLoadedEditorAssemblies (739ms)
				LogAssemblyErrors (0ms)
				InitializePlatformSupportModulesInManaged (9ms)
				SetLoadedEditorAssemblies (2ms)
				RefreshPlugins (3ms)
				BeforeProcessingInitializeOnLoad (183ms)
				ProcessInitializeOnLoadAttributes (510ms)
				ProcessInitializeOnLoadMethodAttributes (16ms)
				AfterProcessingInitializeOnLoad (15ms)
				EditorAssembliesLoaded (1ms)
			ExecutionOrderSort2 (0ms)
			AwakeInstancesAfterBackupRestoration (15ms)
Platform modules already initialized, skipping
Refreshing native plugins compatible for Editor in 2.66 ms, found 3 plugins.
Preloading 0 native plugins for Editor in 0.00 ms.
Unloading 3362 Unused Serialized files (Serialized files now loaded: 0)
System memory in use before: 161.2 MB.
System memory in use after: 161.4 MB.

Unloading 20 unused Assets to reduce memory usage. Loaded Objects now: 3880.
Total: 8.634700 ms (FindLiveObjects: 0.899100 ms CreateObjectMapping: 0.217300 ms MarkObjects: 7.449900 ms  DeleteObjects: 0.065600 ms)

AssetImportParameters requested are different than current active one (requested -> active):
  custom:framework-win-MediaFoundation: 216162199b28c13a410421893ffa2e32 -> 
  custom:video-decoder-ogg-theora: a1e56fd34408186e4bbccfd4996cb3dc -> 
  custom:container-muxer-webm: aa71ff27fc2769a1b78a27578f13a17b -> 
  custom:container-demuxer-webm: 4f35f7cbe854078d1ac9338744f61a02 -> 
  custom:container-demuxer-ogg: 62fdf1f143b41e24485cea50d1cbac27 -> 
  custom:video-encoder-webm-vp8: eb34c28f22e8b96e1ab97ce403110664 -> 
  custom:video-decoder-webm-vp8: 9c59270c3fd7afecdb556c50c9e8de78 -> 
  custom:audio-decoder-ogg-vorbis: bf7c407c2cedff20999df2af8eb42d56 -> 
  custom:audio-encoder-webm-vorbis: bf7c407c2cedff20999df2af8eb42d56 -> 
========================================================================
Received Import Request.
  Time since last request: 362.849777 seconds.
  path: Assets/Plugins/Pixel Crushers/Dialogue System/Prefabs
  artifactKey: Guid(2e78ec50e6acc7a49aa2c1704a6811af) Importer(815301076,1909f56bfc062723c751e8b465ee728b)
Start importing Assets/Plugins/Pixel Crushers/Dialogue System/Prefabs using Guid(2e78ec50e6acc7a49aa2c1704a6811af) Importer(815301076,1909f56bfc062723c751e8b465ee728b)  -> (artifact id: '75bf663b376f036c43266acf4b95c333') in 0.030946 seconds 
  Import took 0.053416 seconds .

========================================================================
Received Import Request.
  Time since last request: 17.885472 seconds.
  path: Assets/myProject/Quest and Dialogue/Quest
  artifactKey: Guid(7a2ab0f83fe15e049b040f99d7950bbf) Importer(815301076,1909f56bfc062723c751e8b465ee728b)
Start importing Assets/myProject/Quest and Dialogue/Quest using Guid(7a2ab0f83fe15e049b040f99d7950bbf) Importer(815301076,1909f56bfc062723c751e8b465ee728b)  -> (artifact id: '536c394fca7cdab9615d89bcf2d7399f') in 0.012097 seconds 
  Import took 0.036029 seconds .

========================================================================
Received Import Request.
  Time since last request: 1.998601 seconds.
  path: Assets/myProject/Quest and Dialogue/New Quest Database.asset
  artifactKey: Guid(5622889963da397479039fdfb2f68f13) Importer(815301076,1909f56bfc062723c751e8b465ee728b)
Start importing Assets/myProject/Quest and Dialogue/New Quest Database.asset using Guid(5622889963da397479039fdfb2f68f13) Importer(815301076,1909f56bfc062723c751e8b465ee728b)  -> (artifact id: '001e66d6a4bfd847db2229793a2c49c7') in 0.082720 seconds 
  Import took 0.097017 seconds .

========================================================================
Received Import Request.
  Time since last request: 15.417618 seconds.
  path: Assets/myProject/Quest and Dialogue/New Dialogue Database 1.asset
  artifactKey: Guid(226bc4af88c0b3f47aa998cca2ed5e98) Importer(815301076,1909f56bfc062723c751e8b465ee728b)
Start importing Assets/myProject/Quest and Dialogue/New Dialogue Database 1.asset using Guid(226bc4af88c0b3f47aa998cca2ed5e98) Importer(815301076,1909f56bfc062723c751e8b465ee728b)  -> (artifact id: '0019fbdb341ea764d9b009d8dc5ac0f2') in 0.066856 seconds 
  Import took 0.079868 seconds .

========================================================================
Received Import Request.
  Time since last request: 8.478850 seconds.
  path: Assets/myProject/Quest and Dialogue/Dialog.asset
  artifactKey: Guid(226bc4af88c0b3f47aa998cca2ed5e98) Importer(815301076,1909f56bfc062723c751e8b465ee728b)
Start importing Assets/myProject/Quest and Dialogue/Dialog.asset using Guid(226bc4af88c0b3f47aa998cca2ed5e98) Importer(815301076,1909f56bfc062723c751e8b465ee728b)  -> (artifact id: 'aad7ff02440cf632223a6044125d1631') in 0.005749 seconds 
  Import took 0.036661 seconds .

========================================================================
Received Import Request.
  Time since last request: 11.418294 seconds.
  path: Assets/myProject/Quest and Dialogue/Dialog Player and NPC.asset
  artifactKey: Guid(226bc4af88c0b3f47aa998cca2ed5e98) Importer(815301076,1909f56bfc062723c751e8b465ee728b)
Start importing Assets/myProject/Quest and Dialogue/Dialog Player and NPC.asset using Guid(226bc4af88c0b3f47aa998cca2ed5e98) Importer(815301076,1909f56bfc062723c751e8b465ee728b)  -> (artifact id: '890785359c82e98790acc76d4fabe7f9') in 0.009941 seconds 
  Import took 0.037925 seconds .

========================================================================
Received Import Request.
  Time since last request: 613.657535 seconds.
  path: Assets/myProject/Quest and Dialogue/Dialog Player and NPC.asset
  artifactKey: Guid(226bc4af88c0b3f47aa998cca2ed5e98) Importer(815301076,1909f56bfc062723c751e8b465ee728b)
Start importing Assets/myProject/Quest and Dialogue/Dialog Player and NPC.asset using Guid(226bc4af88c0b3f47aa998cca2ed5e98) Importer(815301076,1909f56bfc062723c751e8b465ee728b)  -> (artifact id: 'e9f9457f47bd002f73ff4d67be5059fc') in 0.040392 seconds 
  Import took 0.060109 seconds .

AssetImportWorkerClient::OnTransportError - code=2 error=End of file
